<?xml version="1.0" encoding="UTF-8"?>
<!-- Generated by org.testng.reporters.JUnitReportReporter -->
<testsuite hostname="anish-Latitude-3510" failures="0" tests="1" name="TestCases.logintestcases" time="3.117" errors="0" timestamp="06 May 2024 00:11:22 GMT" skipped="0">
  <testcase classname="TestCases.logintestcases" name="loginasBankManager" time="3.117"/>
</testsuite> <!-- TestCases.logintestcases -->
