<?xml version="1.0" encoding="UTF-8"?>
<!-- Generated by org.testng.reporters.JUnitReportReporter -->
<testsuite hostname="anish-Latitude-3510" failures="0" tests="1" name="TestCases.BankManagerlogintestcases" time="3.394" errors="0" timestamp="31 May 2024 16:39:01 GMT" skipped="0">
  <testcase classname="TestCases.BankManagerlogintestcases" name="loginasBankManager" time="3.394"/>
</testsuite> <!-- TestCases.BankManagerlogintestcases -->
